[2016.03.29-18.11.21:203][  0]Log file open, 03/29/16 21:11:21
[2016.03.29-18.11.21:203][  0]LogInit:Display: Running engine for game: procedural
[2016.03.29-18.11.21:203][  0]LogPlatformFile: Not using cached read wrapper
[2016.03.29-18.11.21:203][  0]LogInit:Display: RandInit(-668229369) SRandInit(-668229368).
[2016.03.29-18.11.21:203][  0]LogTaskGraph: Started task graph with 4 named threads and 7 total threads.
[2016.03.29-18.11.21:203][  0]LogStats: Stats thread started at 0.275994
[2016.03.29-18.11.21:203][  0]LogInit: Version: 4.10.2-2818068+++depot+UE4-Releases+4.10
[2016.03.29-18.11.21:203][  0]LogInit: API Version: 2758231
[2016.03.29-18.11.21:203][  0]LogInit: Compiled (64-bit): Jan  6 2016 17:36:42
[2016.03.29-18.11.21:203][  0]LogInit: Compiled with Visual C++: 19.00.23026.00
[2016.03.29-18.11.21:203][  0]LogInit: Build Configuration: Development
[2016.03.29-18.11.21:203][  0]LogInit: Branch Name: ++depot+UE4-Releases+4.10
[2016.03.29-18.11.21:203][  0]LogInit: Command line:  
[2016.03.29-18.11.21:203][  0]LogInit: Base directory: F:/Epic Games/Epic Games/4.10/Engine/Binaries/Win64/
[2016.03.29-18.11.21:203][  0]LogInit: Rocket: 1
[2016.03.29-18.11.21:234][  0]LogInit: Using libcurl 7.41.0
[2016.03.29-18.11.21:234][  0]LogInit:  - built for x86_64-pc-win32
[2016.03.29-18.11.21:234][  0]LogInit:  - supports SSL with WinSSL
[2016.03.29-18.11.21:234][  0]LogInit:  - other features:
[2016.03.29-18.11.21:234][  0]LogInit:      CURL_VERSION_SSL
[2016.03.29-18.11.21:234][  0]LogInit:      CURL_VERSION_IPV6
[2016.03.29-18.11.21:234][  0]LogInit:      CURL_VERSION_ASYNCHDNS
[2016.03.29-18.11.21:234][  0]LogInit:      CURL_VERSION_LARGEFILE
[2016.03.29-18.11.21:234][  0]LogInit:      CURL_VERSION_IDN
[2016.03.29-18.11.21:234][  0]LogInit:  CurlRequestOptions (configurable via config and command line):
[2016.03.29-18.11.21:234][  0]LogInit:  - bVerifyPeer = true  - Libcurl will verify peer certificate
[2016.03.29-18.11.21:234][  0]LogInit:  - bUseHttpProxy = false  - Libcurl will NOT use HTTP proxy
[2016.03.29-18.11.21:234][  0]LogInit:  - bDontReuseConnections = false  - Libcurl will reuse connections
[2016.03.29-18.11.21:234][  0]LogInit:  - CertBundlePath = nullptr  - Libcurl will use whatever was configured at build time.
[2016.03.29-18.11.21:300][  0]LogInit: Presizing for 0 objects not considered by GC, pre-allocating 0 bytes.
[2016.03.29-18.11.21:306][  0]LogInit: Object subsystem initialized
[2016.03.29-18.11.21:307][  0]LogInit: Selected Device Profile: [Windows]
[2016.03.29-18.11.21:307][  0]LogInit: Applying CVar settings loaded from the selected device profile: [Windows]
[2016.03.29-18.11.21:348][  0]LogInit: Computer: DESKTOP-LRMJDJT
[2016.03.29-18.11.21:348][  0]LogInit: User: abdpo2
[2016.03.29-18.11.21:348][  0]LogInit: CPU Page size=4096, Cores=4
[2016.03.29-18.11.21:348][  0]LogInit: High frequency timer resolution =3.621038 MHz
[2016.03.29-18.11.21:348][  0]LogMemory: Memory total: Physical=16.0GB (16GB approx)
[2016.03.29-18.11.21:348][  0]LogMemory: Platform Memory Stats for Windows
[2016.03.29-18.11.21:348][  0]LogMemory: Process Physical Memory: 55.96 MB used, 55.96 MB peak
[2016.03.29-18.11.21:348][  0]LogMemory: Process Virtual Memory: 56.72 MB used, 56.72 MB peak
[2016.03.29-18.11.21:349][  0]LogMemory: Physical Memory: 3727.18 MB used, 16334.53 MB total
[2016.03.29-18.11.21:349][  0]LogMemory: Virtual Memory: 382.86 MB used, 134217728.00 MB total
[2016.03.29-18.11.21:721][  0]LogTextLocalizationManager: No specific translations for ('en-US') exist, so ('en') translations will be used.
[2016.03.29-18.11.22:213][  0]LogD3D11RHI: Found D3D11 adapter 0: NVIDIA GeForce GTX 690 (Feature Level 11_0)
[2016.03.29-18.11.22:213][  0]LogD3D11RHI: Adapter has 3911MB of dedicated video memory, 0MB of dedicated system memory, and 8167MB of shared system memory, 3 output[s]
[2016.03.29-18.11.22:214][  0]LogD3D11RHI: Found D3D11 adapter 1: Microsoft Basic Render Driver (Feature Level 11_0)
[2016.03.29-18.11.22:214][  0]LogD3D11RHI: Adapter has 0MB of dedicated video memory, 0MB of dedicated system memory, and 8167MB of shared system memory, 0 output[s]
[2016.03.29-18.11.22:214][  0]LogD3D11RHI: Chosen D3D11 Adapter Id = 0
[2016.03.29-18.11.22:217][  0]LogD3D11RHI: !Direct3DDevice
[2016.03.29-18.11.22:217][  0]LogRHI: Texture pool is 1361 MB (70% of 1945 MB)
[2016.03.29-18.11.22:233][  0]LogD3D11RHI: Async texture creation enabled
[2016.03.29-18.11.22:250][  0]LogShaderCompilers: Guid format shader working directory is 5 characters bigger than the processId version (../../../../../../Unreal Projects/procedural/Intermediate/Shaders/WorkingDirectory/1856/).
[2016.03.29-18.11.22:250][  0]LogShaderCompilers: Cleaned the shader compiler working directory 'C:/Users/ABDPO2~1/AppData/Local/Temp/UnrealShaderWorkingDir/FB923DE54CD23D953E3E12A0C033CFDC/'.
[2016.03.29-18.11.22:250][  0]LogShaderCompilers:Display: Using Local Shader Compiler.
[2016.03.29-18.11.24:551][  0]LogTemp:Display: Loaded TP AllDesktopTargetPlatform
[2016.03.29-18.11.24:555][  0]LogTemp:Display: Loaded TP WindowsClientTargetPlatform
[2016.03.29-18.11.24:559][  0]LogTemp:Display: Loaded TP WindowsNoEditorTargetPlatform
[2016.03.29-18.11.24:562][  0]LogTemp:Display: Loaded TP WindowsServerTargetPlatform
[2016.03.29-18.11.24:567][  0]LogTemp:Display: Loaded TP WindowsTargetPlatform
[2016.03.29-18.11.24:572][  0]LogTemp:Display: Loaded TP AndroidTargetPlatform
[2016.03.29-18.11.24:574][  0]LogTemp:Display: Loaded TP Android_ASTCTargetPlatform
[2016.03.29-18.11.24:576][  0]LogTemp:Display: Loaded TP Android_ATCTargetPlatform
[2016.03.29-18.11.24:579][  0]LogTemp:Display: Loaded TP Android_DXTTargetPlatform
[2016.03.29-18.11.24:581][  0]LogTemp:Display: Loaded TP Android_ETC1TargetPlatform
[2016.03.29-18.11.24:584][  0]LogTemp:Display: Loaded TP Android_ETC2TargetPlatform
[2016.03.29-18.11.24:589][  0]LogTemp:Display: Loaded TP Android_MultiTargetPlatform
[2016.03.29-18.11.24:589][  0]LogTemp:Display: Loaded TP Android_PVRTCTargetPlatform
[2016.03.29-18.11.24:589][  0]LogTemp:Display: Loaded TP HTML5TargetPlatform
[2016.03.29-18.11.24:646][  0]LogTemp:Display: Loaded TP IOSTargetPlatform
[2016.03.29-18.11.24:648][  0]LogTemp:Display: Loaded TP LinuxNoEditorTargetPlatform
[2016.03.29-18.11.24:650][  0]LogTemp:Display: Loaded TP LinuxServerTargetPlatform
[2016.03.29-18.11.24:655][  0]LogTemp:Display: Loaded TP LinuxTargetPlatform
[2016.03.29-18.11.24:655][  0]LogTargetPlatformManager:Display: Building Assets For Windows
[2016.03.29-18.11.25:165][  0]LogDerivedDataCache:Display: Max Cache Size: 512 MB
[2016.03.29-18.11.25:321][  0]LogDerivedDataCache: Loaded boot cache 0.16s 41MB C:/Users/abd po2/AppData/Local/UnrealEngine/4.10/DerivedDataCache/Boot.ddc.
[2016.03.29-18.11.25:321][  0]LogDerivedDataCache:Display: Loaded Boot cache: C:/Users/abd po2/AppData/Local/UnrealEngine/4.10/DerivedDataCache/Boot.ddc
[2016.03.29-18.11.25:336][  0]LogDerivedDataCache: FDerivedDataBackendGraph:  Pak pak cache file ../../../../../../Unreal Projects/procedural/DerivedDataCache/DDC.ddp not found, will not use a pak cache.
[2016.03.29-18.11.25:336][  0]LogDerivedDataCache: Unable to find inner node Pak for hierarchical cache Hierarchy.
[2016.03.29-18.11.25:336][  0]LogDerivedDataCache: FDerivedDataBackendGraph:  CompressedPak pak cache file ../../../../../../Unreal Projects/procedural/DerivedDataCache/Compressed.ddp not found, will not use a pak cache.
[2016.03.29-18.11.25:336][  0]LogDerivedDataCache: Unable to find inner node CompressedPak for hierarchical cache Hierarchy.
[2016.03.29-18.11.25:509][  0]LogDerivedDataCache:Display: Pak cache opened for reading ../../../Engine/DerivedDataCache/Compressed.ddp.
[2016.03.29-18.11.25:522][  0]LogDerivedDataCache: Using Local data cache path C:/Users/abd po2/AppData/Local/UnrealEngine/Common/DerivedDataCache: Writable
[2016.03.29-18.11.35:673][  0]LogInit: Selected Device Profile: [Windows]
[2016.03.29-18.11.35:855][  0]LogContentStreaming: Texture pool size is 0.000000MB
[2016.03.29-18.11.37:722][  0]LogMeshUtilities: No automatic mesh reduction module available
[2016.03.29-18.11.37:723][  0]LogMeshUtilities: No automatic mesh merging module available
[2016.03.29-18.11.41:757][  0]LogInit: WinSock: version 1.1 (2.2), MaxSocks=32767, MaxUdp=65467
[2016.03.29-18.12.11:065][  0]UdpMessaging: Initializing bridge on interface 0.0.0.0:0 to multicast group 230.0.0.1:6666.
[2016.03.29-18.12.13:914][  0]LogAssetRegistry: FAssetRegistry took 0.1670 seconds to start up
[2016.03.29-18.12.20:484][  0]SourceControl: Info Source control is disabled
[2016.03.29-18.12.20:506][  0]SourceControl: Info Source control is disabled
[2016.03.29-18.12.20:744][  0]SourceControl: Info Source control is disabled
[2016.03.29-18.12.20:888][  0]SourceControl: Info Source control is disabled
[2016.03.29-18.12.24:367][  0]LogObj: 28633 objects as part of root set at end of initial load.
[2016.03.29-18.12.24:367][  0]LogUObjectAllocator: 6099744 out of 0 bytes used by permanent object pool.
[2016.03.29-18.12.27:359][  0]LogAutomationTest:Warning: Smoke tests took > 1s to run: 1.93s
[2016.03.29-18.12.27:615][  0]LogEngine: Initializing Engine...
[2016.03.29-18.12.27:658][  0]LogHMD: Can't find Oculus library dev build: is proper Runtime installed? Version: 0.8.0.0
[2016.03.29-18.12.27:709][  0]LogHMD: SteamVR failed to initialize.  Err: 110
[2016.03.29-18.12.30:598][  0]LogAIModule: Creating AISystem for world NewWorld
[2016.03.29-18.12.31:354][  0]LogInit: XAudio2 using 'Speakers (Bose USB Audio)' : 6 channels at 48 kHz using 16 bits per sample (channel mask 0x60f)
[2016.03.29-18.12.31:365][  0]LogInit: FAudioDevice initialized.
[2016.03.29-18.12.31:383][  0]LogDerivedDataCache: Saved boot cache 0.02s 41MB C:/Users/abd po2/AppData/Local/UnrealEngine/4.10/DerivedDataCache/Boot.ddc.
[2016.03.29-18.12.31:390][  0]LogInit: Texture streaming: Enabled
[2016.03.29-18.12.31:574][  0]LogAnalytics: Creating configured Analytics provider AnalyticsET
[2016.03.29-18.12.31:575][  0]LogAnalytics: [UEEditor.Rocket.Release] APIServer = http://et2.epicgames.com/ET2/. AppVersion = 4.10.2-2818068+++depot+UE4-Releases+4.10
[2016.03.29-18.12.31:575][  0]LogAnalytics: [UEEditor.Rocket.Release] SetUserId 3ed03b024f4b34612dcde3a51e648092|f68d26e428c04350a34d81184cddf392|c2ea8d62-c762-45a7-9d4b-8a4b7b3e14d8
[2016.03.29-18.12.31:622][  0]LogAnalytics: [UEEditor.Rocket.Release] AnalyticsET::StartSession
[2016.03.29-18.12.31:908][  0]LogInit: Transaction tracking system initialized
[2016.03.29-18.12.32:249][  0]BlueprintLog: New page: Editor Load
[2016.03.29-18.12.33:603][  0]LocalizationService: Info Localization service is disabled
[2016.03.29-18.12.34:276][  0]LogConsoleResponse:Display: 
[2016.03.29-18.12.36:589][  0]LogFileCache: Scanning file cache for directory 'F:/Unreal Projects/procedural/Content/' took 0.02s
[2016.03.29-18.12.36:589][  0]LogCook:Display: Done creating registry. It took  0.00s.
[2016.03.29-18.12.37:863][  0]SourceControl: Info Source control is disabled
[2016.03.29-18.12.37:939][  0]Cmd: MAP LOAD FILE="../../../../../../Unreal Projects/procedural/Content/TopDownBP/Maps/TopDownExampleMap.umap" TEMPLATE=0 SHOWPROGRESS=1 FEATURELEVEL=3
[2016.03.29-18.12.37:992][  0]LightingResults: New page: Lighting Build
[2016.03.29-18.12.38:192][  0]MapCheck: New page: Map Check
[2016.03.29-18.12.38:192][  0]LightingResults: New page: Lighting Build
[2016.03.29-18.12.38:475][  0]LogParticles: Destroying 0 GPU particle simulations for FXSystem 0x000002545BF67B00
[2016.03.29-18.12.43:544][  0]LogAIModule: Creating AISystem for world TopDownExampleMap
[2016.03.29-18.12.44:098][  0]LogScript:Warning: Attempted to set an invalid index on array TileType [1600/1599]!
[2016.03.29-18.12.44:304][  0]LogEditorServer: Finished looking for orphan Actors (0.000 secs)
[2016.03.29-18.12.44:397][  0]Cmd: MAP CHECKDEP NOCLEARLOG
[2016.03.29-18.12.44:457][  0]MapCheck: Info Map check complete: 0 Error(s), 0 Warning(s), took 59.826ms to complete.
[2016.03.29-18.12.44:457][  0]LogFileHelpers: Loading map 'TopDownExampleMap' took 6.556
[2016.03.29-18.12.45:968][  0]LogCollectionManager: Loaded 0 collections in 0.002482 seconds
[2016.03.29-18.12.46:152][  0]LogFileCache: Scanning file cache for directory 'F:/Unreal Projects/procedural/Saved/Collections/' took 0.01s
[2016.03.29-18.12.46:152][  0]LogFileCache: Scanning file cache for directory 'F:/Unreal Projects/procedural/Content/Developers/abdpo2/Collections/' took 0.01s
[2016.03.29-18.12.46:152][  0]LogFileCache: Scanning file cache for directory 'F:/Unreal Projects/procedural/Content/Collections/' took 0.01s
[2016.03.29-18.12.46:152][  0]LogCollectionManager: Rebuilt the GUID cache for 0 collections in 0.000008 seconds
[2016.03.29-18.12.46:214][  0]LogContentBrowser: Native class hierarchy populated in 0.0480 seconds. Added 1893 classes and 338 folders.
[2016.03.29-18.12.46:337][  0]LogContentBrowser: Native class hierarchy updated for 'WidgetCarousel' in 0.0003 seconds. Added 0 classes and 0 folders.
[2016.03.29-18.12.47:273][  0]LogContentBrowser: Native class hierarchy updated for 'AddContentDialog' in 0.0003 seconds. Added 0 classes and 0 folders.
[2016.03.29-18.12.47:323][  0]LogContentBrowser: Native class hierarchy updated for 'SceneOutliner' in 0.0004 seconds. Added 1 classes and 2 folders.
[2016.03.29-18.12.47:882][  0]LogCrashTracker: Crashtracker disabled due to settings.
[2016.03.29-18.12.48:041][  0]LogUObjectGlobals:Warning: Failed to find object 'Class None.'
[2016.03.29-18.12.48:109][  0]LogLoad: Full Startup: 88.46 seconds (BP compile: 0.87 seconds)
[2016.03.29-18.12.48:486][  0]LogOcInput: Can't find Oculus library dev build: is proper Runtime installed? Version: 0.8.0.0
[2016.03.29-18.12.48:868][  0]LogContentStreaming: Texture pool size now 1000 MB
[2016.03.29-18.12.49:773][  0]LogRenderer: Reallocating scene render targets to support 1272x468 (Frame:2).
[2016.03.29-18.12.51:139][  4]LogAssetRegistry: Asset discovery search completed in 37.2898 seconds
[2016.03.29-18.12.51:157][  4]LogCollectionManager: Rebuilt the object cache for 0 collections in 0.000001 seconds (found 0 objects)
[2016.03.29-18.12.51:157][  4]LogCollectionManager: Fixed up redirectors for 0 collections in 0.008855 seconds (updated 0 objects)
[2016.03.29-18.12.54:233][ 13]LogEditorViewport: Clicking on Actor (LMB): mapper3_C (mapper3)
[2016.03.29-18.13.06:115][266]LogScript:Warning: Attempted to set an invalid index on array TileType [480/479]!
[2016.03.29-18.13.09:245][636]LogScript:Warning: Attempted to set an invalid index on array TileType [30/29]!
[2016.03.29-18.13.19:655][861]LogScript:Warning: Attempted to set an invalid index on array TileType [60/59]!
[2016.03.29-18.13.25:963][616]LogScript:Warning: Attempted to set an invalid index on array TileType [228/227]!
[2016.03.29-18.13.32:846][428]LogScript:Warning: Attempted to set an invalid index on array TileType [396/395]!
[2016.03.29-18.13.45:909][989]LogScript:Warning: Attempted to set an invalid index on array TileType [2112/2111]!
[2016.03.29-18.13.47:636][175]LogScript:Warning: Attempted to set an invalid index on array TileType [4096/4095]!
[2016.03.29-18.14.02:730][857]LogActorComponent: UnregisterComponent: (/Engine/Transient.CharMoveComp) Not registered. Aborting.
[2016.03.29-18.14.05:715][857]LogSavePackage: Save=634.197449ms
[2016.03.29-18.14.05:715][857]LogSavePackage: Moving '../../../../../../Unreal Projects/procedural/Saved/TopDownExampleMapA6A8A2874A611F8339DB31BE2C39AD1C.tmp' to '../../../../../../Unreal Projects/procedural/Content/TopDownBP/Maps/TopDownExampleMap.umap'
[2016.03.29-18.14.05:718][857]LogSavePackage: Total save time: 797.908500ms
[2016.03.29-18.14.05:718][857]LogSavePackage:Display: Finished SavePackage ../../../../../../Unreal Projects/procedural/Content/TopDownBP/Maps/TopDownExampleMap.umap
[2016.03.29-18.14.05:782][857]LogFileHelpers: Saving map 'TopDownExampleMap' took 0.970
[2016.03.29-18.14.05:873][857]LogWindowsTextInputMethodSystem:Display: IME system now deactivated.
[2016.03.29-18.14.06:151][858]Cmd: QUIT_EDITOR
[2016.03.29-18.14.06:379][858]LogExit: Preparing to exit.
[2016.03.29-18.14.07:484][858]LogExit: Editor shut down
[2016.03.29-18.14.07:484][858]LogExit: Transaction tracking system shut down
[2016.03.29-18.14.07:531][858]LogParticles: Destroying 0 GPU particle simulations for FXSystem 0x0000025463C59C60
[2016.03.29-18.14.07:531][858]LogParticles: Destroying 0 GPU particle simulations for FXSystem 0x0000025476A13880
[2016.03.29-18.14.07:532][858]LogParticles: Destroying 0 GPU particle simulations for FXSystem 0x00000254768C4680
[2016.03.29-18.14.08:027][858]LogExit: Object subsystem successfully closed.
[2016.03.29-18.14.08:196][858]LogD3D11RHI: Shutdown
[2016.03.29-18.14.08:196][858]LogD3D11RHI: CleanupD3DDevice
[2016.03.29-18.14.08:447][858]LogD3D11RHI: ~FD3D11DynamicRHI
[2016.03.29-18.14.08:691][858]LogModuleManager: Shutting down and abandoning module CookingStats (199)
[2016.03.29-18.14.08:691][858]LogModuleManager: Shutting down and abandoning module CrashTracker (198)
[2016.03.29-18.14.08:691][858]LogModuleManager: Shutting down and abandoning module SceneOutliner (197)
[2016.03.29-18.14.08:691][858]LogModuleManager: Shutting down and abandoning module SuperSearch (196)
[2016.03.29-18.14.08:691][858]LogModuleManager: Shutting down and abandoning module WidgetCarousel (195)
[2016.03.29-18.14.08:691][858]LogModuleManager: Shutting down and abandoning module AddContentDialog (194)
[2016.03.29-18.14.08:692][858]LogModuleManager: Shutting down and abandoning module EditorWidgets (193)
[2016.03.29-18.14.08:692][858]LogModuleManager: Shutting down and abandoning module CollectionManager (192)
[2016.03.29-18.14.08:692][858]LogModuleManager: Shutting down and abandoning module StatsViewer (191)
[2016.03.29-18.14.08:692][858]LogModuleManager: Shutting down and abandoning module FoliageEdit (190)
[2016.03.29-18.14.08:692][858]LogModuleManager: Shutting down and abandoning module LandscapeEditor (189)
[2016.03.29-18.14.08:708][858]LogModuleManager: Shutting down and abandoning module ActorPickerMode (188)
[2016.03.29-18.14.08:708][858]LogModuleManager: Shutting down and abandoning module GeometryMode (187)
[2016.03.29-18.14.08:708][858]LogModuleManager: Shutting down and abandoning module TextureAlignMode (186)
[2016.03.29-18.14.08:708][858]LogModuleManager: Shutting down and abandoning module BspMode (185)
[2016.03.29-18.14.08:708][858]LogModuleManager: Shutting down and abandoning module PlacementMode (184)
[2016.03.29-18.14.08:708][858]LogModuleManager: Shutting down and abandoning module AutomationWorker (183)
[2016.03.29-18.14.08:708][858]LogModuleManager: Shutting down and abandoning module CharacterAI (182)
[2016.03.29-18.14.08:708][858]LogModuleManager: Shutting down and abandoning module SmartSnapping (181)
[2016.03.29-18.14.08:708][858]LogModuleManager: Shutting down and abandoning module ViewportSnapping (180)
[2016.03.29-18.14.08:708][858]LogModuleManager: Shutting down and abandoning module LogVisualizer (179)
[2016.03.29-18.14.08:708][858]LogModuleManager: Shutting down and abandoning module GameProjectGeneration (178)
[2016.03.29-18.14.08:732][858]LogModuleManager: Shutting down and abandoning module IntroTutorials (177)
[2016.03.29-18.14.08:732][858]LogModuleManager: Shutting down and abandoning module EditorLiveStreaming (176)
[2016.03.29-18.14.08:732][858]LogModuleManager: Shutting down and abandoning module IOSPlatformEditor (175)
[2016.03.29-18.14.08:732][858]LogModuleManager: Shutting down and abandoning module HTML5PlatformEditor (174)
[2016.03.29-18.14.08:732][858]LogModuleManager: Shutting down and abandoning module AndroidDeviceDetection (173)
[2016.03.29-18.14.08:932][858]LogModuleManager: Shutting down and abandoning module AndroidPlatformEditor (172)
[2016.03.29-18.14.08:932][858]LogModuleManager: Shutting down and abandoning module IOSRuntimeSettings (171)
[2016.03.29-18.14.08:932][858]LogModuleManager: Shutting down and abandoning module AndroidRuntimeSettings (170)
[2016.03.29-18.14.08:932][858]LogModuleManager: Shutting down and abandoning module MergeActors (169)
[2016.03.29-18.14.08:932][858]LogModuleManager: Shutting down and abandoning module SizeMap (168)
[2016.03.29-18.14.08:932][858]LogModuleManager: Shutting down and abandoning module TreeMap (167)
[2016.03.29-18.14.08:932][858]LogModuleManager: Shutting down and abandoning module ReferenceViewer (166)
[2016.03.29-18.14.08:932][858]LogModuleManager: Shutting down and abandoning module LocalizationService (165)
[2016.03.29-18.14.08:932][858]LogModuleManager: Shutting down and abandoning module LocalizationDashboard (164)
[2016.03.29-18.14.09:029][858]LogModuleManager: Shutting down and abandoning module HardwareTargeting (163)
[2016.03.29-18.14.09:029][858]LogModuleManager: Shutting down and abandoning module DeviceProfileEditor (162)
[2016.03.29-18.14.09:029][858]LogModuleManager: Shutting down and abandoning module UndoHistory (161)
[2016.03.29-18.14.09:029][858]LogModuleManager: Shutting down and abandoning module GameplayTagsEditor (160)
[2016.03.29-18.14.09:029][858]LogModuleManager: Shutting down and abandoning module UserFeedback (159)
[2016.03.29-18.14.09:029][858]LogModuleManager: Shutting down and abandoning module XmlParser (158)
[2016.03.29-18.14.09:029][858]LogModuleManager: Shutting down and abandoning module Blutility (157)
[2016.03.29-18.14.09:029][858]LogModuleManager: Shutting down and abandoning module ProjectTargetPlatformEditor (156)
[2016.03.29-18.14.09:029][858]LogModuleManager: Shutting down and abandoning module ProjectSettingsViewer (155)
[2016.03.29-18.14.09:029][858]LogModuleManager: Shutting down and abandoning module InputBindingEditor (154)
[2016.03.29-18.14.09:029][858]LogModuleManager: Shutting down and abandoning module EditorSettingsViewer (153)
[2016.03.29-18.14.09:029][858]LogModuleManager: Shutting down and abandoning module SettingsEditor (152)
[2016.03.29-18.14.09:029][858]LogModuleManager: Shutting down and abandoning module ProjectLauncher (151)
[2016.03.29-18.14.09:037][858]LogModuleManager: Shutting down and abandoning module SessionFrontend (150)
[2016.03.29-18.14.09:037][858]LogModuleManager: Shutting down and abandoning module ProfilerClient (149)
[2016.03.29-18.14.09:065][858]LogModuleManager: Shutting down and abandoning module TargetDeviceServices (148)
[2016.03.29-18.14.09:065][858]LogModuleManager: Shutting down and abandoning module DeviceManager (147)
[2016.03.29-18.14.09:065][858]LogModuleManager: Shutting down and abandoning module AutomationController (146)
[2016.03.29-18.14.09:065][858]LogModuleManager: Shutting down and abandoning module AutomationWindow (145)
[2016.03.29-18.14.09:087][858]LogModuleManager: Shutting down and abandoning module Layers (144)
[2016.03.29-18.14.09:123][858]LogModuleManager: Shutting down and abandoning module ComponentVisualizers (143)
[2016.03.29-18.14.09:123][858]LogModuleManager: Shutting down and abandoning module DetailCustomizations (142)
[2016.03.29-18.14.09:123][858]LogModuleManager: Shutting down and abandoning module PackagesDialog (141)
[2016.03.29-18.14.09:123][858]LogModuleManager: Shutting down and abandoning module Persona (140)
[2016.03.29-18.14.09:148][858]LogModuleManager: Shutting down and abandoning module Kismet (139)
[2016.03.29-18.14.09:148][858]LogModuleManager: Shutting down and abandoning module GraphEditor (138)
[2016.03.29-18.14.09:193][858]LogModuleManager: Shutting down and abandoning module ClassViewer (137)
[2016.03.29-18.14.09:193][858]LogModuleManager: Shutting down and abandoning module Toolbox (136)
[2016.03.29-18.14.09:193][858]LogModuleManager: Shutting down and abandoning module ModuleUI (135)
[2016.03.29-18.14.09:199][858]LogModuleManager: Shutting down and abandoning module MovieSceneTools (134)
[2016.03.29-18.14.09:207][858]LogModuleManager: Shutting down and abandoning module OutputLog (133)
[2016.03.29-18.14.09:207][858]LogModuleManager: Shutting down and abandoning module GammaUI (132)
[2016.03.29-18.14.09:237][858]LogModuleManager: Shutting down and abandoning module Documentation (131)
[2016.03.29-18.14.09:237][858]LogModuleManager: Shutting down and abandoning module GameLiveStreaming (130)
[2016.03.29-18.14.09:237][858]LogModuleManager: Shutting down and abandoning module StreamingPauseRendering (129)
[2016.03.29-18.14.09:237][858]LogModuleManager: Shutting down and abandoning module AnalyticsET (128)
[2016.03.29-18.14.09:237][858]LogModuleManager: Shutting down and abandoning module Analytics (127)
[2016.03.29-18.14.09:237][858]LogModuleManager: Shutting down and abandoning module AITestSuite (126)
[2016.03.29-18.14.09:237][858]LogModuleManager: Shutting down and abandoning module GameplayDebugger (125)
[2016.03.29-18.14.09:237][858]LogModuleManager: Shutting down and abandoning module AIModule (124)
[2016.03.29-18.14.09:237][858]LogModuleManager: Shutting down and abandoning module ProfilerService (123)
[2016.03.29-18.14.09:386][858]LogModuleManager: Shutting down and abandoning module TaskGraph (122)
[2016.03.29-18.14.09:401][858]LogModuleManager: Shutting down and abandoning module SlateRemote (121)
[2016.03.29-18.14.09:401][858]LogModuleManager: Shutting down and abandoning module SteamVRController (120)
[2016.03.29-18.14.09:401][858]LogModuleManager: Shutting down and abandoning module SteamVR (119)
[2016.03.29-18.14.09:401][858]LogModuleManager: Shutting down and abandoning module ProceduralMeshComponent (118)
[2016.03.29-18.14.09:401][858]LogModuleManager: Shutting down and abandoning module OculusLibrary (117)
[2016.03.29-18.14.09:401][858]LogModuleManager: Shutting down and abandoning module OculusInput (116)
[2016.03.29-18.14.09:401][858]LogModuleManager: Shutting down and abandoning module LeapMotionController (115)
[2016.03.29-18.14.09:416][858]LogModuleManager: Shutting down and abandoning module CustomMeshComponent (114)
[2016.03.29-18.14.09:416][858]LogModuleManager: Shutting down and abandoning module CableComponent (113)
[2016.03.29-18.14.09:416][858]LogModuleManager: Shutting down and abandoning module ArchVisCharacter (112)
[2016.03.29-18.14.09:416][858]LogModuleManager: Shutting down and abandoning module MessagingDebugger (111)
[2016.03.29-18.14.09:430][858]LogModuleManager: Shutting down and abandoning module MediaPlayerEditor (110)
[2016.03.29-18.14.09:441][858]LogModuleManager: Shutting down and abandoning module HTML5Networking (109)
[2016.03.29-18.14.09:441][858]LogModuleManager: Shutting down and abandoning module SpeedTreeImporter (108)
[2016.03.29-18.14.09:441][858]LogModuleManager: Shutting down and abandoning module PluginBrowser (107)
[2016.03.29-18.14.09:449][858]LogModuleManager: Shutting down and abandoning module EpicSurvey (106)
[2016.03.29-18.14.09:449][858]LogModuleManager: Shutting down and abandoning module DesktopPlatform (105)
[2016.03.29-18.14.09:472][858]LogModuleManager: Shutting down and abandoning module VisualStudioSourceCodeAccess (104)
[2016.03.29-18.14.09:472][858]LogModuleManager: Shutting down and abandoning module UObjectPlugin (103)
[2016.03.29-18.14.09:472][858]LogModuleManager: Shutting down and abandoning module SubversionSourceControl (102)
[2016.03.29-18.14.09:472][858]LogModuleManager: Shutting down and abandoning module PerforceSourceControl (101)
[2016.03.29-18.14.09:472][858]LogModuleManager: Shutting down and abandoning module SourceControl (100)
[2016.03.29-18.14.09:477][858]LogModuleManager: Shutting down and abandoning module GitSourceControl (99)
[2016.03.29-18.14.09:477][858]LogModuleManager: Shutting down and abandoning module LightPropagationVolumeEditor (98)
[2016.03.29-18.14.09:477][858]LogModuleManager: Shutting down and abandoning module PaperTiledImporter (97)
[2016.03.29-18.14.09:477][858]LogModuleManager: Shutting down and abandoning module PaperSpriteSheetImporter (96)
[2016.03.29-18.14.09:477][858]LogModuleManager: Shutting down and abandoning module MeshPaint (95)
[2016.03.29-18.14.09:477][858]LogModuleManager: Shutting down and abandoning module SlateReflector (94)
[2016.03.29-18.14.09:482][858]LogModuleManager: Shutting down and abandoning module HotReload (93)
[2016.03.29-18.14.09:482][858]LogModuleManager: Shutting down and abandoning module MainFrame (92)
[2016.03.29-18.14.09:482][858]LogModuleManager: Shutting down and abandoning module LevelEditor (91)
[2016.03.29-18.14.09:496][858]LogModuleManager: Shutting down and abandoning module DirectoryWatcher (90)
[2016.03.29-18.14.09:497][858]LogModuleManager: Shutting down and abandoning module AssetRegistry (89)
[2016.03.29-18.14.09:527][858]LogModuleManager: Shutting down and abandoning module ContentBrowser (88)
[2016.03.29-18.14.09:528][858]LogModuleManager: Shutting down and abandoning module Paper2DEditor (87)
[2016.03.29-18.14.09:532][858]LogModuleManager: Shutting down and abandoning module UdpMessaging (86)
[2016.03.29-18.14.09:632][858]LogModuleManager: Shutting down and abandoning module LightPropagationVolumeRuntime (85)
[2016.03.29-18.14.09:632][858]LogModuleManager: Shutting down and abandoning module Paper2D (84)
[2016.03.29-18.14.09:632][858]LogModuleManager: Shutting down and abandoning module WindowsMoviePlayer (83)
[2016.03.29-18.14.09:634][858]LogModuleManager: Shutting down and abandoning module Media (82)
[2016.03.29-18.14.09:634][858]LogModuleManager: Shutting down and abandoning module WmfMedia (81)
[2016.03.29-18.14.09:634][858]LogModuleManager: Shutting down and abandoning module OnlineBlueprintSupport (80)
[2016.03.29-18.14.09:634][858]LogModuleManager: Shutting down and abandoning module GameplayTasksEditor (79)
[2016.03.29-18.14.09:634][858]LogModuleManager: Shutting down and abandoning module PropertyEditor (78)
[2016.03.29-18.14.09:634][858]LogModuleManager: Shutting down and abandoning module BehaviorTreeEditor (77)
[2016.03.29-18.14.09:650][858]LogModuleManager: Shutting down and abandoning module FunctionalTesting (76)
[2016.03.29-18.14.09:650][858]LogModuleManager: Shutting down and abandoning module CollisionAnalyzer (75)
[2016.03.29-18.14.09:650][858]LogModuleManager: Shutting down and abandoning module WorkspaceMenuStructure (74)
[2016.03.29-18.14.09:650][858]LogModuleManager: Shutting down and abandoning module MessageLog (73)
[2016.03.29-18.14.09:650][858]LogModuleManager: Shutting down and abandoning module Sequencer (72)
[2016.03.29-18.14.09:654][858]LogModuleManager: Shutting down and abandoning module AssetTools (71)
[2016.03.29-18.14.09:675][858]LogModuleManager: Shutting down and abandoning module UMGEditor (70)
[2016.03.29-18.14.09:705][858]LogModuleManager: Shutting down and abandoning module UMG (69)
[2016.03.29-18.14.09:730][858]LogModuleManager: Shutting down and abandoning module Slate (68)
[2016.03.29-18.14.09:730][858]LogModuleManager: Shutting down and abandoning module EditorStyle (67)
[2016.03.29-18.14.09:732][858]LogModuleManager: Shutting down and abandoning module SessionServices (66)
[2016.03.29-18.14.09:732][858]LogModuleManager: Shutting down and abandoning module SourceCodeAccess (65)
[2016.03.29-18.14.09:732][858]LogModuleManager: Shutting down and abandoning module HeadMountedDisplay (64)
[2016.03.29-18.14.09:732][858]LogModuleManager: Shutting down and abandoning module XAudio2 (63)
[2016.03.29-18.14.09:732][858]LogModuleManager: Shutting down and abandoning module Networking (61)
[2016.03.29-18.14.09:732][858]LogModuleManager: Shutting down and abandoning module Core (60)
[2016.03.29-18.14.09:732][858]LogModuleManager: Shutting down and abandoning module KismetCompiler (59)
[2016.03.29-18.14.09:732][858]LogModuleManager: Shutting down and abandoning module PhysXFormats (58)
[2016.03.29-18.14.09:732][858]LogModuleManager: Shutting down and abandoning module MeshUtilities (57)
[2016.03.29-18.14.09:767][858]LogModuleManager: Shutting down and abandoning module DerivedDataCache (56)
[2016.03.29-18.14.09:774][858]LogDerivedDataCache: Shutdown
[2016.03.29-18.14.09:774][858]LogModuleManager: Shutting down and abandoning module ShaderFormatOpenGL (55)
[2016.03.29-18.14.09:783][858]LogModuleManager: Shutting down and abandoning module ShaderFormatD3D (54)
[2016.03.29-18.14.09:783][858]LogModuleManager: Shutting down and abandoning module MetalShaderFormat (53)
[2016.03.29-18.14.09:798][858]LogModuleManager: Shutting down and abandoning module TextureFormatUncompressed (52)
[2016.03.29-18.14.09:798][858]LogModuleManager: Shutting down and abandoning module TextureFormatPVR (51)
[2016.03.29-18.14.09:798][858]LogModuleManager: Shutting down and abandoning module TextureFormatIntelISPCTexComp (50)
[2016.03.29-18.14.09:798][858]LogModuleManager: Shutting down and abandoning module TextureFormatDXT (49)
[2016.03.29-18.14.09:798][858]LogModuleManager: Shutting down and abandoning module ImageWrapper (48)
[2016.03.29-18.14.09:798][858]LogModuleManager: Shutting down and abandoning module TextureFormatASTC (47)
[2016.03.29-18.14.09:798][858]LogModuleManager: Shutting down and abandoning module TextureFormatAndroid (46)
[2016.03.29-18.14.09:798][858]LogModuleManager: Shutting down and abandoning module AudioFormatOpus (45)
[2016.03.29-18.14.09:798][858]LogModuleManager: Shutting down and abandoning module AudioFormatOgg (44)
[2016.03.29-18.14.09:798][858]LogModuleManager: Shutting down and abandoning module AudioFormatADPCM (43)
[2016.03.29-18.14.09:798][858]LogModuleManager: Shutting down and abandoning module LinuxTargetPlatform (42)
[2016.03.29-18.14.09:798][858]LogModuleManager: Shutting down and abandoning module LinuxServerTargetPlatform (41)
[2016.03.29-18.14.09:798][858]LogModuleManager: Shutting down and abandoning module LinuxNoEditorTargetPlatform (40)
[2016.03.29-18.14.09:798][858]LogModuleManager: Shutting down and abandoning module Messaging (39)
[2016.03.29-18.14.09:798][858]LogModuleManager: Shutting down and abandoning module IOSTargetPlatform (38)
[2016.03.29-18.14.09:798][858]LogModuleManager: Shutting down and abandoning module HTML5TargetPlatform (37)
[2016.03.29-18.14.09:798][858]LogModuleManager: Shutting down and abandoning module Android_PVRTCTargetPlatform (36)
[2016.03.29-18.14.09:798][858]LogModuleManager: Shutting down and abandoning module Android_MultiTargetPlatform (35)
[2016.03.29-18.14.09:798][858]LogModuleManager: Shutting down and abandoning module Android_ETC2TargetPlatform (34)
[2016.03.29-18.14.09:798][858]LogModuleManager: Shutting down and abandoning module Android_ETC1TargetPlatform (33)
[2016.03.29-18.14.09:798][858]LogModuleManager: Shutting down and abandoning module Android_DXTTargetPlatform (32)
[2016.03.29-18.14.09:798][858]LogModuleManager: Shutting down and abandoning module Android_ATCTargetPlatform (31)
[2016.03.29-18.14.09:798][858]LogModuleManager: Shutting down and abandoning module Android_ASTCTargetPlatform (30)
[2016.03.29-18.14.09:798][858]LogModuleManager: Shutting down and abandoning module AndroidTargetPlatform (29)
[2016.03.29-18.14.09:798][858]LogModuleManager: Shutting down and abandoning module WindowsTargetPlatform (28)
[2016.03.29-18.14.09:798][858]LogModuleManager: Shutting down and abandoning module WindowsServerTargetPlatform (27)
[2016.03.29-18.14.09:798][858]LogModuleManager: Shutting down and abandoning module WindowsNoEditorTargetPlatform (26)
[2016.03.29-18.14.09:798][858]LogModuleManager: Shutting down and abandoning module WindowsClientTargetPlatform (25)
[2016.03.29-18.14.09:798][858]LogModuleManager: Shutting down and abandoning module AllDesktopTargetPlatform (24)
[2016.03.29-18.14.09:798][858]LogModuleManager: Shutting down and abandoning module TargetPlatform (23)
[2016.03.29-18.14.09:798][858]LogModuleManager: Shutting down and abandoning module InputCore (22)
[2016.03.29-18.14.09:798][858]LogModuleManager: Shutting down and abandoning module Settings (21)
[2016.03.29-18.14.09:798][858]LogModuleManager: Shutting down and abandoning module OnlineSubsystem (19)
[2016.03.29-18.14.09:798][858]LogModuleManager: Shutting down and abandoning module HTTP (18)
[2016.03.29-18.14.10:800][858]LogModuleManager: Shutting down and abandoning module XMPP (17)
[2016.03.29-18.14.10:851][858]LogModuleManager: Shutting down and abandoning module OculusRift (16)
[2016.03.29-18.14.10:857][858]LogModuleManager: Shutting down and abandoning module ExampleDeviceProfileSelector (15)
[2016.03.29-18.14.10:857][858]LogModuleManager: Shutting down and abandoning module TextureCompressor (14)
[2016.03.29-18.14.10:857][858]LogModuleManager: Shutting down and abandoning module ShaderCore (13)
[2016.03.29-18.14.10:857][858]LogModuleManager: Shutting down and abandoning module Landscape (12)
[2016.03.29-18.14.10:857][858]LogModuleManager: Shutting down and abandoning module SlateRHIRenderer (11)
[2016.03.29-18.14.10:877][858]LogModuleManager: Shutting down and abandoning module OpenGLDrv (10)
[2016.03.29-18.14.10:892][858]LogModuleManager: Shutting down and abandoning module D3D11RHI (9)
[2016.03.29-18.14.10:892][858]LogModuleManager: Shutting down and abandoning module AnimGraphRuntime (8)
[2016.03.29-18.14.10:901][858]LogModuleManager: Shutting down and abandoning module Renderer (7)
[2016.03.29-18.14.10:901][858]LogModuleManager: Shutting down and abandoning module Engine (6)
[2016.03.29-18.14.10:901][858]LogModuleManager: Shutting down and abandoning module CoreUObject (5)
[2016.03.29-18.14.10:901][858]LogModuleManager: Shutting down and abandoning module NetworkFile (4)
[2016.03.29-18.14.10:911][858]LogModuleManager: Shutting down and abandoning module StreamingFile (3)
[2016.03.29-18.14.10:911][858]LogModuleManager: Shutting down and abandoning module SandboxFile (2)
[2016.03.29-18.14.10:911][858]LogModuleManager: Shutting down and abandoning module PakFile (1)
[2016.03.29-18.14.10:912][858]LogExit: Exiting.
[2016.03.29-18.14.10:913][858]Log file closed, 03/29/16 21:14:10
