[2016.03.20-15.20.34:868][  0]Log file open, 03/20/16 18:20:34
[2016.03.20-15.20.34:868][  0]LogInit:Display: Running engine for game: procedural
[2016.03.20-15.20.34:868][  0]LogPlatformFile: Not using cached read wrapper
[2016.03.20-15.20.34:868][  0]LogInit:Display: RandInit(-482651610) SRandInit(-482651601).
[2016.03.20-15.20.34:868][  0]LogTaskGraph: Started task graph with 4 named threads and 7 total threads.
[2016.03.20-15.20.34:868][  0]LogStats: Stats thread started at 0.082115
[2016.03.20-15.20.34:868][  0]LogInit: Version: 4.10.2-2818068+++depot+UE4-Releases+4.10
[2016.03.20-15.20.34:868][  0]LogInit: API Version: 2758231
[2016.03.20-15.20.34:868][  0]LogInit: Compiled (64-bit): Jan  6 2016 17:36:42
[2016.03.20-15.20.34:868][  0]LogInit: Compiled with Visual C++: 19.00.23026.00
[2016.03.20-15.20.34:868][  0]LogInit: Build Configuration: Development
[2016.03.20-15.20.34:868][  0]LogInit: Branch Name: ++depot+UE4-Releases+4.10
[2016.03.20-15.20.34:868][  0]LogInit: Command line:  /Temp/Autosaves/Game/TopDownBP/Maps/UEDPCTopDownExampleMap -game -PIEVIACONSOLE -ResX=1280 -ResY=720  -Multiprocess -featureleveles2 -faketouches 
[2016.03.20-15.20.34:868][  0]LogInit: Base directory: F:/Epic Games/Epic Games/4.10/Engine/Binaries/Win64/
[2016.03.20-15.20.34:868][  0]LogInit: Rocket: 1
[2016.03.20-15.20.34:874][  0]LogInit: Using libcurl 7.41.0
[2016.03.20-15.20.34:874][  0]LogInit:  - built for x86_64-pc-win32
[2016.03.20-15.20.34:874][  0]LogInit:  - supports SSL with WinSSL
[2016.03.20-15.20.34:874][  0]LogInit:  - other features:
[2016.03.20-15.20.34:874][  0]LogInit:      CURL_VERSION_SSL
[2016.03.20-15.20.34:874][  0]LogInit:      CURL_VERSION_IPV6
[2016.03.20-15.20.34:874][  0]LogInit:      CURL_VERSION_ASYNCHDNS
[2016.03.20-15.20.34:874][  0]LogInit:      CURL_VERSION_LARGEFILE
[2016.03.20-15.20.34:874][  0]LogInit:      CURL_VERSION_IDN
[2016.03.20-15.20.34:874][  0]LogInit:  CurlRequestOptions (configurable via config and command line):
[2016.03.20-15.20.34:874][  0]LogInit:  - bVerifyPeer = true  - Libcurl will verify peer certificate
[2016.03.20-15.20.34:874][  0]LogInit:  - bUseHttpProxy = false  - Libcurl will NOT use HTTP proxy
[2016.03.20-15.20.34:874][  0]LogInit:  - bDontReuseConnections = false  - Libcurl will reuse connections
[2016.03.20-15.20.34:874][  0]LogInit:  - CertBundlePath = nullptr  - Libcurl will use whatever was configured at build time.
[2016.03.20-15.20.34:881][  0]LogInit: Presizing for 0 objects not considered by GC, pre-allocating 0 bytes.
[2016.03.20-15.20.34:888][  0]LogInit: Object subsystem initialized
[2016.03.20-15.20.34:889][  0]LogInit: Selected Device Profile: [Windows]
[2016.03.20-15.20.34:889][  0]LogInit: Applying CVar settings loaded from the selected device profile: [Windows]
[2016.03.20-15.20.34:891][  0]LogInit: Computer: DESKTOP-LRMJDJT
[2016.03.20-15.20.34:891][  0]LogInit: User: abdpo2
[2016.03.20-15.20.34:891][  0]LogInit: CPU Page size=4096, Cores=4
[2016.03.20-15.20.34:891][  0]LogInit: High frequency timer resolution =3.621040 MHz
[2016.03.20-15.20.34:891][  0]LogMemory: Memory total: Physical=16.0GB (16GB approx)
[2016.03.20-15.20.34:891][  0]LogMemory: Platform Memory Stats for Windows
[2016.03.20-15.20.34:891][  0]LogMemory: Process Physical Memory: 55.81 MB used, 55.81 MB peak
[2016.03.20-15.20.34:891][  0]LogMemory: Process Virtual Memory: 58.83 MB used, 58.83 MB peak
[2016.03.20-15.20.34:891][  0]LogMemory: Physical Memory: 7662.93 MB used, 16334.53 MB total
[2016.03.20-15.20.34:891][  0]LogMemory: Virtual Memory: 385.80 MB used, 134217728.00 MB total
[2016.03.20-15.20.34:922][  0]LogTextLocalizationManager: No specific translations for ('en-US') exist, so ('en') translations will be used.
[2016.03.20-15.20.35:279][  0]LogD3D11RHI: Found D3D11 adapter 0: NVIDIA GeForce GTX 690 (Feature Level 11_0)
[2016.03.20-15.20.35:279][  0]LogD3D11RHI: Adapter has 3911MB of dedicated video memory, 0MB of dedicated system memory, and 8167MB of shared system memory, 2 output[s]
[2016.03.20-15.20.35:280][  0]LogD3D11RHI: Found D3D11 adapter 1: Microsoft Basic Render Driver (Feature Level 11_0)
[2016.03.20-15.20.35:281][  0]LogD3D11RHI: Adapter has 0MB of dedicated video memory, 0MB of dedicated system memory, and 8167MB of shared system memory, 0 output[s]
[2016.03.20-15.20.35:281][  0]LogD3D11RHI: Chosen D3D11 Adapter Id = 0
[2016.03.20-15.20.35:284][  0]LogD3D11RHI: !Direct3DDevice
[2016.03.20-15.20.35:284][  0]LogRHI: Texture pool is 1361 MB (70% of 1945 MB)
[2016.03.20-15.20.35:301][  0]LogD3D11RHI: Async texture creation enabled
[2016.03.20-15.20.35:317][  0]LogShaderCompilers: Guid format shader working directory is 5 characters bigger than the processId version (../../../../../../Unreal Projects/procedural/Intermediate/Shaders/WorkingDirectory/1516/).
[2016.03.20-15.20.35:317][  0]LogShaderCompilers: Cleaned the shader compiler working directory 'C:/Users/ABDPO2~1/AppData/Local/Temp/UnrealShaderWorkingDir/6B76A4BC41FF4B00122E86AD211E7CAE/'.
[2016.03.20-15.20.35:317][  0]LogShaderCompilers:Display: Using Local Shader Compiler.
[2016.03.20-15.20.35:959][  0]LogTemp:Display: Loaded TP AllDesktopTargetPlatform
[2016.03.20-15.20.35:963][  0]LogTemp:Display: Loaded TP WindowsClientTargetPlatform
[2016.03.20-15.20.35:966][  0]LogTemp:Display: Loaded TP WindowsNoEditorTargetPlatform
[2016.03.20-15.20.35:971][  0]LogTemp:Display: Loaded TP WindowsServerTargetPlatform
[2016.03.20-15.20.35:975][  0]LogTemp:Display: Loaded TP WindowsTargetPlatform
[2016.03.20-15.20.35:978][  0]LogTemp:Display: Loaded TP AndroidTargetPlatform
[2016.03.20-15.20.35:980][  0]LogTemp:Display: Loaded TP Android_ASTCTargetPlatform
[2016.03.20-15.20.35:982][  0]LogTemp:Display: Loaded TP Android_ATCTargetPlatform
[2016.03.20-15.20.35:985][  0]LogTemp:Display: Loaded TP Android_DXTTargetPlatform
[2016.03.20-15.20.35:987][  0]LogTemp:Display: Loaded TP Android_ETC1TargetPlatform
[2016.03.20-15.20.35:989][  0]LogTemp:Display: Loaded TP Android_ETC2TargetPlatform
[2016.03.20-15.20.35:994][  0]LogTemp:Display: Loaded TP Android_MultiTargetPlatform
[2016.03.20-15.20.35:994][  0]LogTemp:Display: Loaded TP Android_PVRTCTargetPlatform
[2016.03.20-15.20.35:995][  0]LogTemp:Display: Loaded TP HTML5TargetPlatform
[2016.03.20-15.20.36:010][  0]LogTemp:Display: Loaded TP IOSTargetPlatform
[2016.03.20-15.20.36:012][  0]LogTemp:Display: Loaded TP LinuxNoEditorTargetPlatform
[2016.03.20-15.20.36:015][  0]LogTemp:Display: Loaded TP LinuxServerTargetPlatform
[2016.03.20-15.20.36:017][  0]LogTemp:Display: Loaded TP LinuxTargetPlatform
[2016.03.20-15.20.36:017][  0]LogTargetPlatformManager:Display: Building Assets For Windows
[2016.03.20-15.20.36:081][  0]LogDerivedDataCache:Display: Max Cache Size: 512 MB
[2016.03.20-15.20.36:123][  0]LogDerivedDataCache: Loaded boot cache 0.04s 41MB C:/Users/abd po2/AppData/Local/UnrealEngine/4.10/DerivedDataCache/Boot.ddc.
[2016.03.20-15.20.36:123][  0]LogDerivedDataCache:Display: Loaded Boot cache: C:/Users/abd po2/AppData/Local/UnrealEngine/4.10/DerivedDataCache/Boot.ddc
[2016.03.20-15.20.36:123][  0]LogDerivedDataCache: FDerivedDataBackendGraph:  Pak pak cache file ../../../../../../Unreal Projects/procedural/DerivedDataCache/DDC.ddp not found, will not use a pak cache.
[2016.03.20-15.20.36:123][  0]LogDerivedDataCache: Unable to find inner node Pak for hierarchical cache Hierarchy.
[2016.03.20-15.20.36:123][  0]LogDerivedDataCache: FDerivedDataBackendGraph:  CompressedPak pak cache file ../../../../../../Unreal Projects/procedural/DerivedDataCache/Compressed.ddp not found, will not use a pak cache.
[2016.03.20-15.20.36:123][  0]LogDerivedDataCache: Unable to find inner node CompressedPak for hierarchical cache Hierarchy.
[2016.03.20-15.20.36:176][  0]LogDerivedDataCache:Display: Pak cache opened for reading ../../../Engine/DerivedDataCache/Compressed.ddp.
[2016.03.20-15.20.36:188][  0]LogDerivedDataCache: Using Local data cache path C:/Users/abd po2/AppData/Local/UnrealEngine/Common/DerivedDataCache: Writable
[2016.03.20-15.20.36:538][  0]LogInit: Selected Device Profile: [Windows]
[2016.03.20-15.20.36:542][  0]LogContentStreaming: Texture pool size is 1000.000000MB
[2016.03.20-15.20.36:574][  0]LogMaterial: Missing cached shader map for material WorldGridMaterial, compiling. Is special engine material.
[2016.03.20-15.21.19:637][  0]LogMaterial: Missing cached shader map for material DefaultDeferredDecalMaterial, compiling. 
[2016.03.20-15.21.20:035][  0]LogMaterial: Missing cached shader map for material DefaultLightFunctionMaterial, compiling. 
[2016.03.20-15.21.20:170][  0]LogMaterial: Missing cached shader map for material DefaultPostProcessMaterial, compiling. 
[2016.03.20-15.21.20:547][  0]LogMaterial: Missing cached shader map for material Widget3DPassThrough, compiling. 
[2016.03.20-15.21.20:551][  0]LogMaterial: Missing cached shader map for material Widget3DPassThrough, compiling. 
[2016.03.20-15.21.20:556][  0]LogMaterial: Missing cached shader map for material Widget3DPassThrough, compiling. 
[2016.03.20-15.21.20:561][  0]LogMaterial: Missing cached shader map for material Widget3DPassThrough, compiling. 
[2016.03.20-15.21.20:569][  0]LogMaterial: Missing cached shader map for material Widget3DPassThrough, compiling. 
[2016.03.20-15.21.20:575][  0]LogMaterial: Missing cached shader map for material Widget3DPassThrough, compiling. 
[2016.03.20-15.21.20:617][  0]LogMeshUtilities: No automatic mesh reduction module available
[2016.03.20-15.21.20:617][  0]LogMeshUtilities: No automatic mesh merging module available
[2016.03.20-15.21.20:663][  0]LogMaterial: Missing cached shader map for material SkySphereMaterial, compiling. 
[2016.03.20-15.21.20:678][  0]LogMaterial: Missing cached shader map for material FloorPlaneMaterial, compiling. 
[2016.03.20-15.21.20:772][  0]LogMaterial: Missing cached shader map for material LandscapeGizmo_Mat, compiling. 
[2016.03.20-15.21.20:789][  0]LogMaterial: Missing cached shader map for material LandscapeGizmoHeight_Mat, compiling. 
[2016.03.20-15.21.20:818][  0]LogMaterial: Missing cached shader map for material SplineEditorMeshMat, compiling. 
[2016.03.20-15.21.20:830][  0]LogMaterial: Missing cached shader map for material MatineeCam_mat, compiling. 
[2016.03.20-15.21.20:859][  0]LogMaterial: Missing cached shader map for material HelpActorMaterial, compiling. 
[2016.03.20-15.21.20:899][  0]LogMaterial: Missing cached shader map for material DefaultTextMaterialOpaque, compiling. 
[2016.03.20-15.21.20:957][  0]LogMaterial: Missing cached shader map for material DefaultMaterial, compiling. 
[2016.03.20-15.21.21:021][  0]LogInit: WinSock: version 1.1 (2.2), MaxSocks=32767, MaxUdp=65467
[2016.03.20-15.21.21:402][  0]LogWindowsMoviePlayer: Unable to load movie: ../../../../../../Unreal Projects/procedural/Content/Movies/Default_Startup.mp4
[2016.03.20-15.21.21:464][  0]LogMaterial: Missing cached shader map for material DefaultSpriteMaterial, compiling. 
[2016.03.20-15.21.21:471][  0]LogMaterial: Missing cached shader map for material DefaultSpriteMaterial, compiling. 
[2016.03.20-15.21.21:531][  0]SourceControl: Info Source control is disabled
[2016.03.20-15.21.21:532][  0]SourceControl: Info Source control is disabled
[2016.03.20-15.21.21:547][  0]SourceControl: Info Source control is disabled
[2016.03.20-15.21.21:677][  0]LogMaterial: Missing cached shader map for material LM_HandColor, compiling. 
[2016.03.20-15.21.21:698][  0]LogMaterial: Missing cached shader map for material LM_PassthroughMaterial, compiling. 
[2016.03.20-15.21.21:806][  0]LogObj: 27935 objects as part of root set at end of initial load.
[2016.03.20-15.21.21:806][  0]LogUObjectAllocator: 5830064 out of 0 bytes used by permanent object pool.
[2016.03.20-15.21.21:837][  0]LogMaterial: Missing cached shader map for material HighResScreenshot, compiling. 
[2016.03.20-15.21.21:842][  0]LogMaterial: Missing cached shader map for material HighResScreenshotMask, compiling. 
[2016.03.20-15.21.21:853][  0]LogMaterial: Missing cached shader map for material HighResScreenshotCaptureRegion, compiling. 
[2016.03.20-15.21.21:886][  0]LogEngine: Initializing Engine...
[2016.03.20-15.21.21:889][  0]LogHMD: Can't find Oculus library dev build: is proper Runtime installed? Version: 0.8.0.0
[2016.03.20-15.21.21:889][  0]LogHMD: SteamVR failed to initialize.  Err: 110
[2016.03.20-15.21.21:904][  0]LogMaterial: Missing cached shader map for material WireframeMaterial, compiling. Is special engine material.
[2016.03.20-15.21.21:926][  0]LogMaterial: Missing cached shader map for material LevelColorationLitMaterial, compiling. Is special engine material.
[2016.03.20-15.21.22:080][  0]LogMaterial: Missing cached shader map for material LevelColorationUnlitMaterial, compiling. Is special engine material.
[2016.03.20-15.21.22:101][  0]LogMaterial: Missing cached shader map for material MAT_LevelColorationLitLightmapUV, compiling. Is special engine material.
[2016.03.20-15.21.22:102][  0]LogMaterial:Warning: Failed to compile Material /Engine/EngineDebugMaterials/MAT_LevelColorationLitLightmapUV.MAT_LevelColorationLitLightmapUV for platform PCD3D_ES2, Default Material will be used in game.
[2016.03.20-15.21.22:102][  0]LogMaterial:Warning: 	(Node LightmapUVs) Node not supported in feature level ES2
[2016.03.20-15.21.22:109][  0]LogMaterial: Missing cached shader map for material ShadedLevelColorationLitMaterial, compiling. Is special engine material.
[2016.03.20-15.21.22:258][  0]LogMaterial: Missing cached shader map for material ShadedLevelColorationUnlitMateri, compiling. Is special engine material.
[2016.03.20-15.21.22:278][  0]LogMaterial: Missing cached shader map for material VertexColorMaterial, compiling. 
[2016.03.20-15.21.22:307][  0]LogMaterial: Missing cached shader map for material VertexColorViewMode_ColorOnly, compiling. 
[2016.03.20-15.21.22:314][  0]LogMaterial: Missing cached shader map for material VertexColorViewMode_AlphaAsColor, compiling. 
[2016.03.20-15.21.22:320][  0]LogMaterial: Missing cached shader map for material VertexColorViewMode_RedOnly, compiling. 
[2016.03.20-15.21.22:326][  0]LogMaterial: Missing cached shader map for material VertexColorViewMode_GreenOnly, compiling. 
[2016.03.20-15.21.22:332][  0]LogMaterial: Missing cached shader map for material VertexColorViewMode_BlueOnly, compiling. 
[2016.03.20-15.21.22:338][  0]LogMaterial: Missing cached shader map for material RemoveSurfaceMaterial, compiling. 
[2016.03.20-15.21.22:343][  0]LogMaterial: Missing cached shader map for material DebugMeshMaterial, compiling. 
[2016.03.20-15.21.22:353][  0]LogMaterial: Missing cached shader map for material M_InvalidLightmapSettings, compiling. 
[2016.03.20-15.21.22:371][  0]LogMaterial: Missing cached shader map for material GizmoMaterial, compiling. 
[2016.03.20-15.21.22:405][  0]LogInit: XAudio2 using 'Speakers (Bose USB Audio)' : 6 channels at 48 kHz using 16 bits per sample (channel mask 0x60f)
[2016.03.20-15.21.22:418][  0]LogInit: FAudioDevice initialized.
[2016.03.20-15.21.22:427][  0]LogInit: Texture streaming: Enabled
[2016.03.20-15.21.22:430][  0]LogMaterial: Missing cached shader map for material BaseColor, compiling. 
[2016.03.20-15.21.22:436][  0]LogMaterial: Missing cached shader map for material CustomDepth, compiling. 
[2016.03.20-15.21.22:445][  0]LogMaterial: Missing cached shader map for material CustomStencil, compiling. 
[2016.03.20-15.21.22:445][  0]LogMaterial:Warning: Failed to compile Material /Engine/BufferVisualization/CustomStencil.CustomStencil for platform PCD3D_ES2, Default Material will be used in game.
[2016.03.20-15.21.22:445][  0]LogMaterial:Warning: 	(Node SceneTexture) Node not supported in feature level ES2
[2016.03.20-15.21.22:449][  0]LogMaterial: Missing cached shader map for material DecalMask, compiling. 
[2016.03.20-15.21.22:454][  0]LogMaterial: Missing cached shader map for material FinalImage, compiling. 
[2016.03.20-15.21.22:459][  0]LogMaterial: Missing cached shader map for material LightingModel, compiling. 
[2016.03.20-15.21.22:463][  0]LogMaterial: Missing cached shader map for material MaterialAO, compiling. 
[2016.03.20-15.21.22:467][  0]LogMaterial: Missing cached shader map for material Metallic, compiling. 
[2016.03.20-15.21.22:472][  0]LogMaterial: Missing cached shader map for material Opacity, compiling. 
[2016.03.20-15.21.22:476][  0]LogMaterial: Missing cached shader map for material Roughness, compiling. 
[2016.03.20-15.21.22:481][  0]LogMaterial: Missing cached shader map for material SceneColor, compiling. 
[2016.03.20-15.21.22:486][  0]LogMaterial: Missing cached shader map for material SceneDepth, compiling. 
[2016.03.20-15.21.22:490][  0]LogMaterial: Missing cached shader map for material SeparateTranslucencyRGB, compiling. 
[2016.03.20-15.21.22:496][  0]LogMaterial: Missing cached shader map for material SeparateTranslucencyA, compiling. 
[2016.03.20-15.21.22:500][  0]LogMaterial: Missing cached shader map for material Specular, compiling. 
[2016.03.20-15.21.22:505][  0]LogMaterial: Missing cached shader map for material SubsurfaceColor, compiling. 
[2016.03.20-15.21.22:509][  0]LogMaterial: Missing cached shader map for material WorldNormal, compiling. 
[2016.03.20-15.21.22:514][  0]LogMaterial: Missing cached shader map for material AmbientOcclusion, compiling. 
[2016.03.20-15.21.22:521][  0]LogMaterial: Missing cached shader map for material CustomDepthWorldUnits, compiling. 
[2016.03.20-15.21.22:526][  0]LogMaterial: Missing cached shader map for material SceneDepthWorldUnits, compiling. 
[2016.03.20-15.21.22:584][  0]LogNet: Browse: /Temp/Autosaves/Game/TopDownBP/Maps/UEDPCTopDownExampleMap?Name=Player
[2016.03.20-15.21.22:585][  0]LogLoad: LoadMap: /Temp/Autosaves/Game/TopDownBP/Maps/UEDPCTopDownExampleMap?Name=Player
[2016.03.20-15.21.22:603][  0]LogParticles: Destroying 0 GPU particle simulations for FXSystem 0x00000213A7C53E20
[2016.03.20-15.21.22:632][  0]LogMemory: Platform Memory Stats for Windows
[2016.03.20-15.21.22:632][  0]LogMemory: Process Physical Memory: 591.68 MB used, 591.68 MB peak
[2016.03.20-15.21.22:632][  0]LogMemory: Process Virtual Memory: 641.30 MB used, 641.30 MB peak
[2016.03.20-15.21.22:632][  0]LogMemory: Physical Memory: 8285.52 MB used, 16334.53 MB total
[2016.03.20-15.21.22:632][  0]LogMemory: Virtual Memory: 1201.17 MB used, 134217728.00 MB total
[2016.03.20-15.21.22:632][  0]LogMemory: 
[2016.03.20-15.21.22:632][  0]Allocator Stats for TBB: (not implemented)
[2016.03.20-15.21.22:764][  0]LogLinker:Warning: CreateImport: Failed to load Outer for resource 'Arrow': TopDownCharacter_C /Game/TopDownBP/Blueprints/TopDownCharacter.Default__TopDownCharacter_C
[2016.03.20-15.21.23:288][  0]LogMaterial: Missing cached shader map for material M_Brick_Clay_New, compiling. 
[2016.03.20-15.21.23:331][  0]LogMaterial: Missing cached shader map for material M_Ground_Grass, compiling. 
[2016.03.20-15.21.23:397][  0]LogMaterial: Missing cached shader map for material M_Ceramic_Tile_Checker, compiling. 
[2016.03.20-15.21.23:462][  0]LogMaterial: Missing cached shader map for material CubeMaterial, compiling. 
[2016.03.20-15.21.23:491][  0]LogMaterial: Missing cached shader map for material M_Basic_Wall, compiling. 
[2016.03.20-15.21.23:540][  0]LogMaterial: Missing cached shader map for material M_Basic_Floor, compiling. 
[2016.03.20-15.21.23:589][  0]LogMaterial: Missing cached shader map for material M_UE4Man_Body, compiling. 
[2016.03.20-15.21.23:622][  0]LogMaterial: Missing cached shader map for material M_UE4Man_Body, compiling. 
[2016.03.20-15.21.23:665][  0]LogMaterial: Missing cached shader map for material M_Sky_Panning_Clouds2, compiling. 
[2016.03.20-15.21.23:700][  0]LogMaterial: Missing cached shader map for material AntiAliasedTextMaterialTranslucent, compiling. 
[2016.03.20-15.21.23:732][  0]LogAIModule: Creating AISystem for world TopDownExampleMap
[2016.03.20-15.21.23:781][  0]LogWorld: Game class is 'TopDownGameMode_C'
[2016.03.20-15.21.23:844][  0]LogScript:Warning: Attempted to set an invalid index on array TileType [1024/1023]!
[2016.03.20-15.21.24:001][  0]LogWorld: Bringing World /Temp/Autosaves/Game/TopDownBP/Maps/UEDPCTopDownExampleMap.TopDownExampleMap up for play (max tick rate 0) at 2016.03.20-18.21.24
[2016.03.20-15.21.24:003][  0]LogWorld: Bringing up level for play took: 0.220232
[2016.03.20-15.21.24:024][  0]LogInit:Display: Game Engine Initialized.
[2016.03.20-15.21.24:251][  0]LogLoad: Full Startup: 49.67 seconds (BP compile: 0.18 seconds)
[2016.03.20-15.21.24:267][  0]LogWindowsTextInputMethodSystem:Display: IME system now deactivated.
[2016.03.20-15.21.24:271][  0]LogOcInput: Can't find Oculus library dev build: is proper Runtime installed? Version: 0.8.0.0
[2016.03.20-15.21.24:330][  1]LogRenderer: Reallocating scene render targets to support 1280x720 (Frame:2).
[2016.03.20-15.25.16:534][151]LogWindowsTextInputMethodSystem:Display: IME system now deactivated.
[2016.03.20-15.25.16:536][151]LogEngine: All Windows Closed
[2016.03.20-15.25.16:536][151]LogWindows: FPlatformMisc::RequestExit(0)
[2016.03.20-15.25.16:961][152]LogExit: Preparing to exit.
[2016.03.20-15.25.17:068][152]LogExit: Game engine shut down
[2016.03.20-15.25.17:070][152]LogParticles: Destroying 0 GPU particle simulations for FXSystem 0x00000213C96A8EA0
[2016.03.20-15.25.17:183][152]LogExit: Object subsystem successfully closed.
[2016.03.20-15.25.17:205][152]LogD3D11RHI: Shutdown
[2016.03.20-15.25.17:205][152]LogD3D11RHI: CleanupD3DDevice
[2016.03.20-15.25.17:279][152]LogD3D11RHI: ~FD3D11DynamicRHI
[2016.03.20-15.25.17:617][152]LogModuleManager: Shutting down and abandoning module AndroidDeviceDetection (117)
[2016.03.20-15.25.18:323][152]LogModuleManager: Shutting down and abandoning module AutomationController (116)
[2016.03.20-15.25.18:323][152]LogModuleManager: Shutting down and abandoning module AutomationWorker (115)
[2016.03.20-15.25.18:323][152]LogModuleManager: Shutting down and abandoning module CharacterAI (114)
[2016.03.20-15.25.18:323][152]LogModuleManager: Shutting down and abandoning module AITestSuite (113)
[2016.03.20-15.25.18:323][152]LogModuleManager: Shutting down and abandoning module GameplayDebugger (112)
[2016.03.20-15.25.18:323][152]LogModuleManager: Shutting down and abandoning module AIModule (111)
[2016.03.20-15.25.18:323][152]LogModuleManager: Shutting down and abandoning module MovieSceneCapture (110)
[2016.03.20-15.25.18:323][152]LogModuleManager: Shutting down and abandoning module GameLiveStreaming (109)
[2016.03.20-15.25.18:323][152]LogModuleManager: Shutting down and abandoning module StreamingPauseRendering (108)
[2016.03.20-15.25.18:323][152]LogModuleManager: Shutting down and abandoning module ProfilerService (107)
[2016.03.20-15.25.18:370][152]LogModuleManager: Shutting down and abandoning module TaskGraph (106)
[2016.03.20-15.25.18:370][152]LogModuleManager: Shutting down and abandoning module SlateRemote (105)
[2016.03.20-15.25.18:370][152]LogModuleManager: Shutting down and abandoning module SteamVRController (104)
[2016.03.20-15.25.18:370][152]LogModuleManager: Shutting down and abandoning module SteamVR (103)
[2016.03.20-15.25.18:370][152]LogModuleManager: Shutting down and abandoning module ProceduralMeshComponent (102)
[2016.03.20-15.25.18:370][152]LogModuleManager: Shutting down and abandoning module OculusLibrary (101)
[2016.03.20-15.25.18:370][152]LogModuleManager: Shutting down and abandoning module OculusInput (100)
[2016.03.20-15.25.18:370][152]LogModuleManager: Shutting down and abandoning module LeapMotionController (99)
[2016.03.20-15.25.18:380][152]LogModuleManager: Shutting down and abandoning module CustomMeshComponent (98)
[2016.03.20-15.25.18:380][152]LogModuleManager: Shutting down and abandoning module CableComponent (97)
[2016.03.20-15.25.18:380][152]LogModuleManager: Shutting down and abandoning module ArchVisCharacter (96)
[2016.03.20-15.25.18:380][152]LogModuleManager: Shutting down and abandoning module HTML5Networking (95)
[2016.03.20-15.25.18:380][152]LogModuleManager: Shutting down and abandoning module DesktopPlatform (94)
[2016.03.20-15.25.18:380][152]LogModuleManager: Shutting down and abandoning module DirectoryWatcher (93)
[2016.03.20-15.25.18:380][152]LogModuleManager: Shutting down and abandoning module HotReload (92)
[2016.03.20-15.25.18:380][152]LogModuleManager: Shutting down and abandoning module VisualStudioSourceCodeAccess (91)
[2016.03.20-15.25.18:381][152]LogModuleManager: Shutting down and abandoning module UObjectPlugin (90)
[2016.03.20-15.25.18:381][152]LogModuleManager: Shutting down and abandoning module SubversionSourceControl (89)
[2016.03.20-15.25.18:381][152]LogModuleManager: Shutting down and abandoning module SourceControl (88)
[2016.03.20-15.25.18:381][152]LogModuleManager: Shutting down and abandoning module PerforceSourceControl (87)
[2016.03.20-15.25.18:381][152]LogModuleManager: Shutting down and abandoning module UdpMessaging (86)
[2016.03.20-15.25.18:381][152]LogModuleManager: Shutting down and abandoning module LightPropagationVolumeRuntime (85)
[2016.03.20-15.25.18:381][152]LogModuleManager: Shutting down and abandoning module Paper2D (84)
[2016.03.20-15.25.18:381][152]LogModuleManager: Shutting down and abandoning module WindowsMoviePlayer (83)
[2016.03.20-15.25.18:383][152]LogModuleManager: Shutting down and abandoning module Media (82)
[2016.03.20-15.25.18:383][152]LogModuleManager: Shutting down and abandoning module WmfMedia (81)
[2016.03.20-15.25.18:383][152]LogModuleManager: Shutting down and abandoning module OnlineBlueprintSupport (80)
[2016.03.20-15.25.18:383][152]LogModuleManager: Shutting down and abandoning module GameplayTasksEditor (79)
[2016.03.20-15.25.18:383][152]LogModuleManager: Shutting down and abandoning module PropertyEditor (78)
[2016.03.20-15.25.18:383][152]LogModuleManager: Shutting down and abandoning module BehaviorTreeEditor (77)
[2016.03.20-15.25.18:383][152]LogModuleManager: Shutting down and abandoning module FunctionalTesting (76)
[2016.03.20-15.25.18:383][152]LogModuleManager: Shutting down and abandoning module CollisionAnalyzer (75)
[2016.03.20-15.25.18:383][152]LogModuleManager: Shutting down and abandoning module WorkspaceMenuStructure (74)
[2016.03.20-15.25.18:383][152]LogModuleManager: Shutting down and abandoning module MessageLog (73)
[2016.03.20-15.25.18:383][152]LogModuleManager: Shutting down and abandoning module Sequencer (72)
[2016.03.20-15.25.18:383][152]LogModuleManager: Shutting down and abandoning module AssetTools (71)
[2016.03.20-15.25.18:383][152]LogModuleManager: Shutting down and abandoning module UMGEditor (70)
[2016.03.20-15.25.18:383][152]LogModuleManager: Shutting down and abandoning module UMG (69)
[2016.03.20-15.25.18:383][152]LogModuleManager: Shutting down and abandoning module Slate (68)
[2016.03.20-15.25.18:383][152]LogModuleManager: Shutting down and abandoning module EditorStyle (67)
[2016.03.20-15.25.18:385][152]LogModuleManager: Shutting down and abandoning module SessionServices (66)
[2016.03.20-15.25.18:385][152]LogModuleManager: Shutting down and abandoning module SourceCodeAccess (65)
[2016.03.20-15.25.18:385][152]LogModuleManager: Shutting down and abandoning module HeadMountedDisplay (64)
[2016.03.20-15.25.18:385][152]LogModuleManager: Shutting down and abandoning module XAudio2 (63)
[2016.03.20-15.25.18:385][152]LogModuleManager: Shutting down and abandoning module Networking (61)
[2016.03.20-15.25.18:385][152]LogModuleManager: Shutting down and abandoning module Core (60)
[2016.03.20-15.25.18:385][152]LogModuleManager: Shutting down and abandoning module KismetCompiler (59)
[2016.03.20-15.25.18:385][152]LogModuleManager: Shutting down and abandoning module PhysXFormats (58)
[2016.03.20-15.25.18:385][152]LogModuleManager: Shutting down and abandoning module MeshUtilities (57)
[2016.03.20-15.25.18:385][152]LogModuleManager: Shutting down and abandoning module DerivedDataCache (56)
[2016.03.20-15.25.18:421][152]LogDerivedDataCache: Shutdown
[2016.03.20-15.25.18:421][152]LogModuleManager: Shutting down and abandoning module ShaderFormatOpenGL (55)
[2016.03.20-15.25.18:422][152]LogModuleManager: Shutting down and abandoning module ShaderFormatD3D (54)
[2016.03.20-15.25.18:422][152]LogModuleManager: Shutting down and abandoning module MetalShaderFormat (53)
[2016.03.20-15.25.18:422][152]LogModuleManager: Shutting down and abandoning module TextureFormatUncompressed (52)
[2016.03.20-15.25.18:422][152]LogModuleManager: Shutting down and abandoning module TextureFormatPVR (51)
[2016.03.20-15.25.18:422][152]LogModuleManager: Shutting down and abandoning module TextureFormatIntelISPCTexComp (50)
[2016.03.20-15.25.18:422][152]LogModuleManager: Shutting down and abandoning module TextureFormatDXT (49)
[2016.03.20-15.25.18:422][152]LogModuleManager: Shutting down and abandoning module ImageWrapper (48)
[2016.03.20-15.25.18:422][152]LogModuleManager: Shutting down and abandoning module TextureFormatASTC (47)
[2016.03.20-15.25.18:422][152]LogModuleManager: Shutting down and abandoning module TextureFormatAndroid (46)
[2016.03.20-15.25.18:422][152]LogModuleManager: Shutting down and abandoning module AudioFormatOpus (45)
[2016.03.20-15.25.18:422][152]LogModuleManager: Shutting down and abandoning module AudioFormatOgg (44)
[2016.03.20-15.25.18:422][152]LogModuleManager: Shutting down and abandoning module AudioFormatADPCM (43)
[2016.03.20-15.25.18:422][152]LogModuleManager: Shutting down and abandoning module LinuxTargetPlatform (42)
[2016.03.20-15.25.18:422][152]LogModuleManager: Shutting down and abandoning module LinuxServerTargetPlatform (41)
[2016.03.20-15.25.18:422][152]LogModuleManager: Shutting down and abandoning module LinuxNoEditorTargetPlatform (40)
[2016.03.20-15.25.18:422][152]LogModuleManager: Shutting down and abandoning module Messaging (39)
[2016.03.20-15.25.18:422][152]LogModuleManager: Shutting down and abandoning module IOSTargetPlatform (38)
[2016.03.20-15.25.18:422][152]LogModuleManager: Shutting down and abandoning module HTML5TargetPlatform (37)
[2016.03.20-15.25.18:422][152]LogModuleManager: Shutting down and abandoning module Android_PVRTCTargetPlatform (36)
[2016.03.20-15.25.18:422][152]LogModuleManager: Shutting down and abandoning module Android_MultiTargetPlatform (35)
[2016.03.20-15.25.18:422][152]LogModuleManager: Shutting down and abandoning module Android_ETC2TargetPlatform (34)
[2016.03.20-15.25.18:422][152]LogModuleManager: Shutting down and abandoning module Android_ETC1TargetPlatform (33)
[2016.03.20-15.25.18:422][152]LogModuleManager: Shutting down and abandoning module Android_DXTTargetPlatform (32)
[2016.03.20-15.25.18:422][152]LogModuleManager: Shutting down and abandoning module Android_ATCTargetPlatform (31)
[2016.03.20-15.25.18:422][152]LogModuleManager: Shutting down and abandoning module Android_ASTCTargetPlatform (30)
[2016.03.20-15.25.18:422][152]LogModuleManager: Shutting down and abandoning module AndroidTargetPlatform (29)
[2016.03.20-15.25.18:422][152]LogModuleManager: Shutting down and abandoning module WindowsTargetPlatform (28)
[2016.03.20-15.25.18:422][152]LogModuleManager: Shutting down and abandoning module WindowsServerTargetPlatform (27)
[2016.03.20-15.25.18:422][152]LogModuleManager: Shutting down and abandoning module WindowsNoEditorTargetPlatform (26)
[2016.03.20-15.25.18:422][152]LogModuleManager: Shutting down and abandoning module WindowsClientTargetPlatform (25)
[2016.03.20-15.25.18:422][152]LogModuleManager: Shutting down and abandoning module AllDesktopTargetPlatform (24)
[2016.03.20-15.25.18:422][152]LogModuleManager: Shutting down and abandoning module TargetPlatform (23)
[2016.03.20-15.25.18:422][152]LogModuleManager: Shutting down and abandoning module InputCore (22)
[2016.03.20-15.25.18:422][152]LogModuleManager: Shutting down and abandoning module Settings (21)
[2016.03.20-15.25.18:422][152]LogModuleManager: Shutting down and abandoning module OnlineSubsystem (19)
[2016.03.20-15.25.18:422][152]LogModuleManager: Shutting down and abandoning module HTTP (18)
[2016.03.20-15.25.18:422][152]LogModuleManager: Shutting down and abandoning module XMPP (17)
[2016.03.20-15.25.18:422][152]LogModuleManager: Shutting down and abandoning module OculusRift (16)
[2016.03.20-15.25.18:422][152]LogModuleManager: Shutting down and abandoning module ExampleDeviceProfileSelector (15)
[2016.03.20-15.25.18:422][152]LogModuleManager: Shutting down and abandoning module TextureCompressor (14)
[2016.03.20-15.25.18:422][152]LogModuleManager: Shutting down and abandoning module ShaderCore (13)
[2016.03.20-15.25.18:422][152]LogModuleManager: Shutting down and abandoning module Landscape (12)
[2016.03.20-15.25.18:422][152]LogModuleManager: Shutting down and abandoning module SlateRHIRenderer (11)
[2016.03.20-15.25.18:422][152]LogModuleManager: Shutting down and abandoning module OpenGLDrv (10)
[2016.03.20-15.25.18:422][152]LogModuleManager: Shutting down and abandoning module D3D11RHI (9)
[2016.03.20-15.25.18:422][152]LogModuleManager: Shutting down and abandoning module AnimGraphRuntime (8)
[2016.03.20-15.25.18:422][152]LogModuleManager: Shutting down and abandoning module Renderer (7)
[2016.03.20-15.25.18:422][152]LogModuleManager: Shutting down and abandoning module Engine (6)
[2016.03.20-15.25.18:422][152]LogModuleManager: Shutting down and abandoning module CoreUObject (5)
[2016.03.20-15.25.18:422][152]LogModuleManager: Shutting down and abandoning module NetworkFile (4)
[2016.03.20-15.25.18:422][152]LogModuleManager: Shutting down and abandoning module StreamingFile (3)
[2016.03.20-15.25.18:422][152]LogModuleManager: Shutting down and abandoning module SandboxFile (2)
[2016.03.20-15.25.18:422][152]LogModuleManager: Shutting down and abandoning module PakFile (1)
[2016.03.20-15.25.18:423][152]LogExit: Exiting.
[2016.03.20-15.25.18:425][152]Log file closed, 03/20/16 18:25:18
