[2016.06.16-12.34.54:919][  0]Log file open, 06/16/16 15:34:54
[2016.06.16-12.34.54:919][  0]LogInit:Display: Running engine for game: procedural
[2016.06.16-12.34.54:919][  0]LogPlatformFile: Not using cached read wrapper
[2016.06.16-12.34.54:920][  0]LogInit:Display: RandInit(655952082) SRandInit(655952083).
[2016.06.16-12.34.54:920][  0]LogTaskGraph: Started task graph with 4 named threads and 7 total threads.
[2016.06.16-12.34.54:920][  0]LogStats: Stats thread started at 0.387664
[2016.06.16-12.34.54:920][  0]LogInit: Version: 4.10.4-2872498+++depot+UE4-Releases+4.10
[2016.06.16-12.34.54:920][  0]LogInit: API Version: 2758231
[2016.06.16-12.34.54:920][  0]LogInit: Compiled (64-bit): Feb 18 2016 15:47:04
[2016.06.16-12.34.54:920][  0]LogInit: Compiled with Visual C++: 19.00.23026.00
[2016.06.16-12.34.54:920][  0]LogInit: Build Configuration: Development
[2016.06.16-12.34.54:920][  0]LogInit: Branch Name: ++depot+UE4-Releases+4.10
[2016.06.16-12.34.54:920][  0]LogInit: Command line:  
[2016.06.16-12.34.54:920][  0]LogInit: Base directory: F:/Epic Games/Epic Games/4.10/Engine/Binaries/Win64/
[2016.06.16-12.34.54:920][  0]LogInit: Rocket: 1
[2016.06.16-12.34.54:954][  0]LogInit: Using libcurl 7.41.0
[2016.06.16-12.34.54:954][  0]LogInit:  - built for x86_64-pc-win32
[2016.06.16-12.34.54:954][  0]LogInit:  - supports SSL with WinSSL
[2016.06.16-12.34.54:954][  0]LogInit:  - other features:
[2016.06.16-12.34.54:954][  0]LogInit:      CURL_VERSION_SSL
[2016.06.16-12.34.54:954][  0]LogInit:      CURL_VERSION_IPV6
[2016.06.16-12.34.54:954][  0]LogInit:      CURL_VERSION_ASYNCHDNS
[2016.06.16-12.34.54:954][  0]LogInit:      CURL_VERSION_LARGEFILE
[2016.06.16-12.34.54:954][  0]LogInit:      CURL_VERSION_IDN
[2016.06.16-12.34.54:954][  0]LogInit:  CurlRequestOptions (configurable via config and command line):
[2016.06.16-12.34.54:954][  0]LogInit:  - bVerifyPeer = true  - Libcurl will verify peer certificate
[2016.06.16-12.34.54:954][  0]LogInit:  - bUseHttpProxy = false  - Libcurl will NOT use HTTP proxy
[2016.06.16-12.34.54:954][  0]LogInit:  - bDontReuseConnections = false  - Libcurl will reuse connections
[2016.06.16-12.34.54:954][  0]LogInit:  - CertBundlePath = nullptr  - Libcurl will use whatever was configured at build time.
[2016.06.16-12.34.55:028][  0]LogInit: Presizing for 0 objects not considered by GC, pre-allocating 0 bytes.
[2016.06.16-12.34.55:049][  0]LogInit: Object subsystem initialized
[2016.06.16-12.34.55:085][  0]LogInit: Selected Device Profile: [Windows]
[2016.06.16-12.34.55:085][  0]LogInit: Applying CVar settings loaded from the selected device profile: [Windows]
[2016.06.16-12.34.55:119][  0]LogInit: Computer: DESKTOP-LRMJDJT
[2016.06.16-12.34.55:119][  0]LogInit: User: abdpo2
[2016.06.16-12.34.55:119][  0]LogInit: CPU Page size=4096, Cores=4
[2016.06.16-12.34.55:119][  0]LogInit: High frequency timer resolution =3.621038 MHz
[2016.06.16-12.34.55:119][  0]LogMemory: Memory total: Physical=16.0GB (16GB approx)
[2016.06.16-12.34.55:119][  0]LogMemory: Platform Memory Stats for Windows
[2016.06.16-12.34.55:119][  0]LogMemory: Process Physical Memory: 55.98 MB used, 55.98 MB peak
[2016.06.16-12.34.55:119][  0]LogMemory: Process Virtual Memory: 56.75 MB used, 56.75 MB peak
[2016.06.16-12.34.55:119][  0]LogMemory: Physical Memory: 6201.56 MB used, 16334.53 MB total
[2016.06.16-12.34.55:119][  0]LogMemory: Virtual Memory: 382.86 MB used, 134217728.00 MB total
[2016.06.16-12.34.55:485][  0]LogTextLocalizationManager: No specific translations for ('en-US') exist, so ('en') translations will be used.
[2016.06.16-12.34.56:054][  0]LogD3D11RHI: Found D3D11 adapter 0: NVIDIA GeForce GTX 690 (Feature Level 11_0)
[2016.06.16-12.34.56:054][  0]LogD3D11RHI: Adapter has 3909MB of dedicated video memory, 0MB of dedicated system memory, and 8167MB of shared system memory, 3 output[s]
[2016.06.16-12.34.56:055][  0]LogD3D11RHI: Found D3D11 adapter 1: Microsoft Basic Render Driver (Feature Level 11_0)
[2016.06.16-12.34.56:055][  0]LogD3D11RHI: Adapter has 0MB of dedicated video memory, 0MB of dedicated system memory, and 8167MB of shared system memory, 0 output[s]
[2016.06.16-12.34.56:055][  0]LogD3D11RHI: Chosen D3D11 Adapter Id = 0
[2016.06.16-12.34.56:062][  0]LogD3D11RHI: !Direct3DDevice
[2016.06.16-12.34.56:062][  0]LogRHI: Texture pool is 1361 MB (70% of 1945 MB)
[2016.06.16-12.34.56:086][  0]LogD3D11RHI: Async texture creation enabled
[2016.06.16-12.34.56:134][  0]LogShaderCompilers: Guid format shader working directory is 5 characters bigger than the processId version (../../../../../../Unreal Projects/procedural/Intermediate/Shaders/WorkingDirectory/1556/).
[2016.06.16-12.34.56:134][  0]LogShaderCompilers: Cleaned the shader compiler working directory 'C:/Users/ABDPO2~1/AppData/Local/Temp/UnrealShaderWorkingDir/1816D62C487715792630A29C59CC7A4C/'.
[2016.06.16-12.34.56:134][  0]LogShaderCompilers:Display: Using Local Shader Compiler.
[2016.06.16-12.34.58:492][  0]LogTemp:Display: Loaded TP AllDesktopTargetPlatform
[2016.06.16-12.34.58:496][  0]LogTemp:Display: Loaded TP WindowsClientTargetPlatform
[2016.06.16-12.34.58:500][  0]LogTemp:Display: Loaded TP WindowsNoEditorTargetPlatform
[2016.06.16-12.34.58:503][  0]LogTemp:Display: Loaded TP WindowsServerTargetPlatform
[2016.06.16-12.34.58:507][  0]LogTemp:Display: Loaded TP WindowsTargetPlatform
[2016.06.16-12.34.58:511][  0]LogTemp:Display: Loaded TP AndroidTargetPlatform
[2016.06.16-12.34.58:514][  0]LogTemp:Display: Loaded TP Android_ASTCTargetPlatform
[2016.06.16-12.34.58:516][  0]LogTemp:Display: Loaded TP Android_ATCTargetPlatform
[2016.06.16-12.34.58:518][  0]LogTemp:Display: Loaded TP Android_DXTTargetPlatform
[2016.06.16-12.34.58:521][  0]LogTemp:Display: Loaded TP Android_ETC1TargetPlatform
[2016.06.16-12.34.58:523][  0]LogTemp:Display: Loaded TP Android_ETC2TargetPlatform
[2016.06.16-12.34.58:528][  0]LogTemp:Display: Loaded TP Android_MultiTargetPlatform
[2016.06.16-12.34.58:528][  0]LogTemp:Display: Loaded TP Android_PVRTCTargetPlatform
[2016.06.16-12.34.58:529][  0]LogTemp:Display: Loaded TP HTML5TargetPlatform
[2016.06.16-12.34.58:584][  0]LogTemp:Display: Loaded TP IOSTargetPlatform
[2016.06.16-12.34.58:586][  0]LogTemp:Display: Loaded TP LinuxNoEditorTargetPlatform
[2016.06.16-12.34.58:588][  0]LogTemp:Display: Loaded TP LinuxServerTargetPlatform
[2016.06.16-12.34.58:593][  0]LogTemp:Display: Loaded TP LinuxTargetPlatform
[2016.06.16-12.34.58:593][  0]LogTargetPlatformManager:Display: Building Assets For Windows
[2016.06.16-12.34.59:411][  0]LogDerivedDataCache:Display: Max Cache Size: 512 MB
[2016.06.16-12.34.59:592][  0]LogDerivedDataCache: Loaded boot cache 0.18s 41MB C:/Users/abd po2/AppData/Local/UnrealEngine/4.10/DerivedDataCache/Boot.ddc.
[2016.06.16-12.34.59:592][  0]LogDerivedDataCache:Display: Loaded Boot cache: C:/Users/abd po2/AppData/Local/UnrealEngine/4.10/DerivedDataCache/Boot.ddc
[2016.06.16-12.34.59:592][  0]LogDerivedDataCache: FDerivedDataBackendGraph:  Pak pak cache file ../../../../../../Unreal Projects/procedural/DerivedDataCache/DDC.ddp not found, will not use a pak cache.
[2016.06.16-12.34.59:592][  0]LogDerivedDataCache: Unable to find inner node Pak for hierarchical cache Hierarchy.
[2016.06.16-12.34.59:593][  0]LogDerivedDataCache: FDerivedDataBackendGraph:  CompressedPak pak cache file ../../../../../../Unreal Projects/procedural/DerivedDataCache/Compressed.ddp not found, will not use a pak cache.
[2016.06.16-12.34.59:593][  0]LogDerivedDataCache: Unable to find inner node CompressedPak for hierarchical cache Hierarchy.
[2016.06.16-12.34.59:733][  0]LogDerivedDataCache:Display: Pak cache opened for reading ../../../Engine/DerivedDataCache/Compressed.ddp.
[2016.06.16-12.34.59:745][  0]LogDerivedDataCache: Using Local data cache path C:/Users/abd po2/AppData/Local/UnrealEngine/Common/DerivedDataCache: Writable
[2016.06.16-12.35.11:211][  0]LogInit: Selected Device Profile: [Windows]
[2016.06.16-12.35.11:373][  0]LogContentStreaming: Texture pool size is 0.000000MB
[2016.06.16-12.35.13:209][  0]LogMeshUtilities: No automatic mesh reduction module available
[2016.06.16-12.35.13:209][  0]LogMeshUtilities: No automatic mesh merging module available
[2016.06.16-12.35.17:430][  0]LogInit: WinSock: version 1.1 (2.2), MaxSocks=32767, MaxUdp=65467
[2016.06.16-12.35.35:949][  0]UdpMessaging: Initializing bridge on interface 0.0.0.0:0 to multicast group 230.0.0.1:6666.
[2016.06.16-12.35.36:682][  0]LogAssetRegistry: FAssetRegistry took 0.0140 seconds to start up
[2016.06.16-12.35.40:398][  0]SourceControl: Info Source control is disabled
[2016.06.16-12.35.40:510][  0]SourceControl: Info Source control is disabled
[2016.06.16-12.35.40:543][  0]SourceControl: Info Source control is disabled
[2016.06.16-12.35.40:603][  0]SourceControl: Info Source control is disabled
[2016.06.16-12.35.41:650][  0]LogObj: 28633 objects as part of root set at end of initial load.
[2016.06.16-12.35.41:650][  0]LogUObjectAllocator: 6099744 out of 0 bytes used by permanent object pool.
[2016.06.16-12.35.42:530][  0]LogEngine: Initializing Engine...
[2016.06.16-12.35.42:580][  0]LogHMD: Can't find Oculus library dev build: is proper Runtime installed? Version: 0.8.0.0
[2016.06.16-12.35.42:630][  0]LogHMD: SteamVR failed to initialize.  Err: 110
[2016.06.16-12.35.43:706][  0]LogAIModule: Creating AISystem for world NewWorld
[2016.06.16-12.35.43:977][  0]LogInit: XAudio2 using 'Headset Earphone (3- Logitech G35 Gaming Headset)' : 2 channels at 44.1 kHz using 16 bits per sample (channel mask 0x3)
[2016.06.16-12.35.44:045][  0]LogInit: FAudioDevice initialized.
[2016.06.16-12.35.44:067][  0]LogDerivedDataCache: Saved boot cache 0.02s 41MB C:/Users/abd po2/AppData/Local/UnrealEngine/4.10/DerivedDataCache/Boot.ddc.
[2016.06.16-12.35.44:075][  0]LogInit: Texture streaming: Enabled
[2016.06.16-12.35.44:134][  0]LogAnalytics: Creating configured Analytics provider AnalyticsET
[2016.06.16-12.35.44:134][  0]LogAnalytics: [UEEditor.Rocket.Release] APIServer = http://et2.epicgames.com/ET2/. AppVersion = 4.10.4-2872498+++depot+UE4-Releases+4.10
[2016.06.16-12.35.44:134][  0]LogAnalytics: [UEEditor.Rocket.Release] SetUserId 3ed03b024f4b34612dcde3a51e648092|f68d26e428c04350a34d81184cddf392|c2ea8d62-c762-45a7-9d4b-8a4b7b3e14d8
[2016.06.16-12.35.44:145][  0]LogAnalytics: [UEEditor.Rocket.Release] AnalyticsET::StartSession
[2016.06.16-12.35.44:325][  0]LogInit: Transaction tracking system initialized
[2016.06.16-12.35.44:898][  0]BlueprintLog: New page: Editor Load
[2016.06.16-12.35.46:699][  0]LocalizationService: Info Localization service is disabled
[2016.06.16-12.35.47:411][  0]LogConsoleResponse:Display: 
[2016.06.16-12.35.51:011][  0]LogFileCache: Scanning file cache for directory 'F:/Unreal Projects/procedural/Content/' took 0.02s
[2016.06.16-12.35.51:011][  0]LogCook:Display: Done creating registry. It took  0.00s.
[2016.06.16-12.35.52:821][  0]SourceControl: Info Source control is disabled
[2016.06.16-12.35.52:859][  0]Cmd: MAP LOAD FILE="../../../../../../Unreal Projects/procedural/Content/TopDownBP/Maps/TopDownExampleMap.umap" TEMPLATE=0 SHOWPROGRESS=1 FEATURELEVEL=3
[2016.06.16-12.35.52:889][  0]LightingResults: New page: Lighting Build
[2016.06.16-12.35.53:079][  0]MapCheck: New page: Map Check
[2016.06.16-12.35.53:079][  0]LightingResults: New page: Lighting Build
[2016.06.16-12.35.53:349][  0]LogParticles: Destroying 0 GPU particle simulations for FXSystem 0x000001E521A5BB00
[2016.06.16-12.35.56:681][  0]LogMaterial: Missing cached shader map for material M_Basic_Floor, compiling. 
[2016.06.16-12.35.58:170][  0]LogMaterial: Missing cached shader map for material M_Brick_Clay_New, compiling. 
[2016.06.16-12.35.58:869][  0]LogMaterial: Missing cached shader map for material M_Ground_Grass, compiling. 
[2016.06.16-12.35.58:922][  0]LogMaterial: Missing cached shader map for material M_Basic_Wall, compiling. 
[2016.06.16-12.35.58:957][  0]LogMaterial: Missing cached shader map for material M_Ceramic_Tile_Checker, compiling. 
[2016.06.16-12.35.59:184][  0]LogAIModule: Creating AISystem for world TopDownExampleMap
[2016.06.16-12.36.00:066][  0]LogScript:Warning: Attempted to s